<?xml version="1.0" encoding="UTF-8"?>
<!-- Generated by org.testng.reporters.JUnitXMLReporter -->
<testsuite ignored="0" hostname="MacBook-Pro.local" failures="0" tests="3" name="Test" time="25.468" errors="0" timestamp="2022-09-12T15:40:30 PDT">
  <testcase classname="selWithExpMaven.HandlingCaptcha" name="captcha1" time="4.442"/>
  <testcase classname="selWithExpMaven.HandlingCaptcha" name="captcha2" time="17.503"/>
  <testcase classname="selWithExpMaven.SwitchingWindows" name="switchWin" time="3.482"/>
</testsuite> <!-- Test -->
