<?xml version="1.0" encoding="UTF-8"?>
<testng-results ignored="0" total="3" passed="3" failed="0" skipped="0">
  <reporter-output>
  </reporter-output>
  <suite started-at="2022-09-12T15:40:04 PDT" name="Suite" finished-at="2022-09-12T15:40:30 PDT" duration-ms="25468">
    <groups>
    </groups>
    <test started-at="2022-09-12T15:40:04 PDT" name="Test" finished-at="2022-09-12T15:40:30 PDT" duration-ms="25468">
      <class name="selWithExpMaven.SwitchingWindows">
        <test-method signature="switchWin()[pri:0, instance:selWithExpMaven.SwitchingWindows@25a65b77]" started-at="2022-09-12T15:40:26 PDT" name="switchWin" finished-at="2022-09-12T15:40:30 PDT" duration-ms="3482" status="PASS">
          <reporter-output>
          </reporter-output>
        </test-method> <!-- switchWin -->
      </class> <!-- selWithExpMaven.SwitchingWindows -->
      <class name="selWithExpMaven.HandlingCaptcha">
        <test-method signature="captcha1()[pri:0, instance:selWithExpMaven.HandlingCaptcha@75c072cb]" started-at="2022-09-12T15:40:04 PDT" name="captcha1" finished-at="2022-09-12T15:40:09 PDT" duration-ms="4442" status="PASS">
          <reporter-output>
          </reporter-output>
        </test-method> <!-- captcha1 -->
        <test-method signature="captcha2()[pri:0, instance:selWithExpMaven.HandlingCaptcha@75c072cb]" started-at="2022-09-12T15:40:09 PDT" name="captcha2" finished-at="2022-09-12T15:40:26 PDT" duration-ms="17503" status="PASS">
          <reporter-output>
          </reporter-output>
        </test-method> <!-- captcha2 -->
      </class> <!-- selWithExpMaven.HandlingCaptcha -->
    </test> <!-- Test -->
  </suite> <!-- Suite -->
</testng-results>
