<?xml version="1.0" encoding="UTF-8"?>
<testng-results ignored="0" total="2" passed="2" failed="0" skipped="0">
  <reporter-output>
  </reporter-output>
  <suite started-at="2022-09-11T09:50:07 PDT" name="Default suite" finished-at="2022-09-11T09:50:28 PDT" duration-ms="20859">
    <groups>
    </groups>
    <test started-at="2022-09-11T09:50:07 PDT" name="Default test" finished-at="2022-09-11T09:50:28 PDT" duration-ms="20859">
      <class name="selWithExpMaven.HandlingCaptcha">
        <test-method signature="captcha1()[pri:0, instance:selWithExpMaven.HandlingCaptcha@223f3642]" started-at="2022-09-11T09:50:07 PDT" name="captcha1" finished-at="2022-09-11T09:50:11 PDT" duration-ms="3417" status="PASS">
          <reporter-output>
          </reporter-output>
        </test-method> <!-- captcha1 -->
        <test-method signature="captcha2()[pri:0, instance:selWithExpMaven.HandlingCaptcha@223f3642]" started-at="2022-09-11T09:50:11 PDT" name="captcha2" finished-at="2022-09-11T09:50:28 PDT" duration-ms="17415" status="PASS">
          <reporter-output>
          </reporter-output>
        </test-method> <!-- captcha2 -->
      </class> <!-- selWithExpMaven.HandlingCaptcha -->
    </test> <!-- Default test -->
  </suite> <!-- Default suite -->
</testng-results>
